<?xml version="1.0" encoding="UTF-8"?>
<Site BuildName="Linux-clang++"
	BuildStamp="20240219-0250-Experimental"
	Name="awlN751JX"
	Generator="ctest-3.22.1"
	CompilerName="/usr/bin/clang++"
	CompilerVersion="14.0.0"
	OSName="Linux"
	Hostname="awlN751JX"
	OSRelease="6.5.0-18-generic"
	OSVersion="#18~22.04.1-Ubuntu SMP PREEMPT_DYNAMIC Wed Feb  7 11:40:03 UTC 2"
	OSPlatform="x86_64"
	Is64Bits="1"
	VendorString="GenuineIntel"
	VendorID="Intel Corporation"
	FamilyID="6"
	ModelID="60"
	ProcessorCacheSize="6144"
	NumberOfLogicalCPU="8"
	NumberOfPhysicalCPU="4"
	TotalVirtualMemory="2047"
	TotalPhysicalMemory="7819"
	LogicalProcessorsPerPhysical="2"
	ProcessorClockFrequency="3338.81"
	>
	<Testing>
		<StartDateTime>Feb 19 09:52 +07</StartDateTime>
		<StartTestTime>1708311169</StartTestTime>
		<TestList/>
		<EndDateTime>Feb 19 09:52 +07</EndDateTime>
		<EndTestTime>1708311169</EndTestTime>
		<ElapsedMinutes>0</ElapsedMinutes>
	</Testing>
</Site>
